0 info it worked if it ends with ok
1 verbose cli [ '/usr/bin/node',
1 verbose cli   '/usr/bin/npm',
1 verbose cli   'install',
1 verbose cli   '--save',
1 verbose cli   'handlebars' ]
2 info using npm@1.4.28
3 info using node@v0.10.40
4 verbose node symlink /usr/bin/node
5 verbose cache add [ 'handlebars', null ]
6 verbose cache add name=undefined spec="handlebars" args=["handlebars",null]
7 verbose parsed url { protocol: null,
7 verbose parsed url   slashes: null,
7 verbose parsed url   auth: null,
7 verbose parsed url   host: null,
7 verbose parsed url   port: null,
7 verbose parsed url   hostname: null,
7 verbose parsed url   hash: null,
7 verbose parsed url   search: null,
7 verbose parsed url   query: null,
7 verbose parsed url   pathname: 'handlebars',
7 verbose parsed url   path: 'handlebars',
7 verbose parsed url   href: 'handlebars' }
8 silly lockFile 9566e355-handlebars handlebars
9 verbose lock handlebars /home/eduard/.npm/9566e355-handlebars.lock
10 silly lockFile 9566e355-handlebars handlebars
11 silly lockFile 9566e355-handlebars handlebars
12 verbose addNamed [ 'handlebars', '' ]
13 verbose addNamed [ null, '*' ]
14 silly lockFile 0ab5732f-handlebars handlebars@
15 verbose lock handlebars@ /home/eduard/.npm/0ab5732f-handlebars.lock
16 silly addNameRange { name: 'handlebars', range: '*', hasData: false }
17 verbose request where is /handlebars
18 verbose request registry https://registry.npmjs.org/
19 verbose request id 0b0b3b6ab00b5534
20 verbose url raw /handlebars
21 verbose url resolving [ 'https://registry.npmjs.org/', './handlebars' ]
22 verbose url resolved https://registry.npmjs.org/handlebars
23 verbose request where is https://registry.npmjs.org/handlebars
24 info trying registry request attempt 1 at 15:07:32
25 verbose etag "BHFFV9DNDVX92PZODMMIEI3F3"
26 http GET https://registry.npmjs.org/handlebars
27 http 200 https://registry.npmjs.org/handlebars
28 silly registry.get cb [ 200,
28 silly registry.get   { server: 'CouchDB/1.5.0 (Erlang OTP/R16B03)',
28 silly registry.get     etag: '"9V86L5EAWCAL7ZRB93HVU8CRW"',
28 silly registry.get     'content-type': 'application/json',
28 silly registry.get     'cache-control': 'max-age=60',
28 silly registry.get     'content-length': '57983',
28 silly registry.get     'accept-ranges': 'bytes',
28 silly registry.get     date: 'Sun, 16 Aug 2015 12:07:32 GMT',
28 silly registry.get     via: '1.1 varnish',
28 silly registry.get     age: '0',
28 silly registry.get     connection: 'keep-alive',
28 silly registry.get     'x-served-by': 'cache-fra1230-FRA',
28 silly registry.get     'x-cache': 'HIT',
28 silly registry.get     'x-cache-hits': '1',
28 silly registry.get     'x-timer': 'S1439726852.579282,VS0,VE402',
28 silly registry.get     vary: 'Accept' } ]
29 silly addNameRange number 2 { name: 'handlebars', range: '*', hasData: true }
30 silly addNameRange versions [ 'handlebars',
30 silly addNameRange   [ '1.0.6',
30 silly addNameRange     '1.0.6-2',
30 silly addNameRange     '1.0.7',
30 silly addNameRange     '1.0.8',
30 silly addNameRange     '1.0.9',
30 silly addNameRange     '1.0.10',
30 silly addNameRange     '1.0.11',
30 silly addNameRange     '1.0.12',
30 silly addNameRange     '1.1.0',
30 silly addNameRange     '1.1.1',
30 silly addNameRange     '1.1.2',
30 silly addNameRange     '1.2.0',
30 silly addNameRange     '1.2.1',
30 silly addNameRange     '1.3.0',
30 silly addNameRange     '2.0.0-alpha.1',
30 silly addNameRange     '2.0.0-alpha.2',
30 silly addNameRange     '2.0.0-alpha.3',
30 silly addNameRange     '2.0.0-alpha.4',
30 silly addNameRange     '2.0.0-beta.1',
30 silly addNameRange     '2.0.0',
30 silly addNameRange     '3.0.0',
30 silly addNameRange     '3.0.1',
30 silly addNameRange     '3.0.2',
30 silly addNameRange     '3.0.3',
30 silly addNameRange     '1.0.2-beta',
30 silly addNameRange     '1.0.4-beta',
30 silly addNameRange     '1.0.5-beta' ] ]
31 verbose addNamed [ 'handlebars', '3.0.3' ]
32 verbose addNamed [ '3.0.3', '3.0.3' ]
33 silly lockFile 6da6de9c-handlebars-3-0-3 handlebars@3.0.3
34 verbose lock handlebars@3.0.3 /home/eduard/.npm/6da6de9c-handlebars-3-0-3.lock
35 silly lockFile 800da1ef--handlebars-handlebars-3-0-3-tgz https://registry.npmjs.org/handlebars/-/handlebars-3.0.3.tgz
36 verbose lock https://registry.npmjs.org/handlebars/-/handlebars-3.0.3.tgz /home/eduard/.npm/800da1ef--handlebars-handlebars-3-0-3-tgz.lock
37 verbose addRemoteTarball [ 'https://registry.npmjs.org/handlebars/-/handlebars-3.0.3.tgz',
37 verbose addRemoteTarball   '0e09651a2f0fb3c949160583710d551f92e6d2ad' ]
38 info retry fetch attempt 1 at 15:07:33
39 verbose fetch to= /tmp/npm-5586-QsJvdwhx/registry.npmjs.org/handlebars/-/handlebars-3.0.3.tgz
40 http GET https://registry.npmjs.org/handlebars/-/handlebars-3.0.3.tgz
41 http 200 https://registry.npmjs.org/handlebars/-/handlebars-3.0.3.tgz
42 silly lockFile 800da1ef--handlebars-handlebars-3-0-3-tgz https://registry.npmjs.org/handlebars/-/handlebars-3.0.3.tgz
43 silly lockFile 800da1ef--handlebars-handlebars-3-0-3-tgz https://registry.npmjs.org/handlebars/-/handlebars-3.0.3.tgz
44 silly lockFile 6da6de9c-handlebars-3-0-3 handlebars@3.0.3
45 silly lockFile 6da6de9c-handlebars-3-0-3 handlebars@3.0.3
46 silly lockFile 0ab5732f-handlebars handlebars@
47 silly lockFile 0ab5732f-handlebars handlebars@
48 error Error: EACCES, mkdir '/home/eduard/.npm/handlebars/3.0.3'
48 error  { [Error: EACCES, mkdir '/home/eduard/.npm/handlebars/3.0.3']
48 error   errno: 3,
48 error   code: 'EACCES',
48 error   path: '/home/eduard/.npm/handlebars/3.0.3' }
49 error Please try running this command again as root/Administrator.
50 error System Linux 3.13.0-62-generic
51 error command "/usr/bin/node" "/usr/bin/npm" "install" "--save" "handlebars"
52 error cwd /home/eduard/Rails_projects/finna-bearded-octo-bear
53 error node -v v0.10.40
54 error npm -v 1.4.28
55 error path /home/eduard/.npm/handlebars/3.0.3
56 error code EACCES
57 error errno 3
58 error stack Error: EACCES, mkdir '/home/eduard/.npm/handlebars/3.0.3'
59 verbose exit [ 3, true ]
